#
# There is insufficient memory for the Java Runtime Environment to continue.
# Native memory allocation (mmap) failed to map 252706816 bytes for committing reserved memory.
# Possible reasons:
#   The system is out of physical RAM or swap space
#   In 32 bit mode, the process size limit was hit
# Possible solutions:
#   Reduce memory load on the system
#   Increase physical memory or swap space
#   Check if swap backing store is full
#   Use 64 bit Java on a 64 bit OS
#   Decrease Java heap size (-Xmx/-Xms)
#   Decrease number of Java threads
#   Decrease Java thread stack sizes (-Xss)
#   Set larger code cache with -XX:ReservedCodeCacheSize=
# This output file may be truncated or incomplete.
#
#  Out of Memory Error (os_linux.cpp:2643), pid=12950, tid=0x00007fb8753cd700
#
# JRE version: OpenJDK Runtime Environment (8.0_171-b11) (build 1.8.0_171-8u171-b11-0ubuntu0.18.04.1-b11)
# Java VM: OpenJDK 64-Bit Server VM (25.171-b11 mixed mode linux-amd64 compressed oops)
# Failed to write core dump. Core dumps have been disabled. To enable core dumping, try "ulimit -c unlimited" before starting Java again
#

---------------  T H R E A D  ---------------

Current thread (0x00007fb888079000):  VMThread [stack: 0x00007fb8752ce000,0x00007fb8753ce000] [id=12964]

Stack: [0x00007fb8752ce000,0x00007fb8753ce000],  sp=0x00007fb8753cc480,  free space=1017k
Native frames: (J=compiled Java code, j=interpreted, Vv=VM code, C=native code)
V  [libjvm.so+0xaab382]
V  [libjvm.so+0x4d79a7]
V  [libjvm.so+0x8e66c0]
V  [libjvm.so+0x8e0c1e]
V  [libjvm.so+0x961436]
V  [libjvm.so+0x9627a8]
V  [libjvm.so+0x95eda6]
V  [libjvm.so+0x95f13c]
V  [libjvm.so+0x90d978]
V  [libjvm.so+0xaad042]
V  [libjvm.so+0xab1c26]
V  [libjvm.so+0xaafec5]
V  [libjvm.so+0xab083d]
V  [libjvm.so+0xab0c17]
V  [libjvm.so+0x8e3b12]

VM_Operation (0x00007fb8921576f0): ParallelGCFailedAllocation, mode: safepoint, requested by thread 0x00007fb88800b800


---------------  P R O C E S S  ---------------

Java Threads: ( => current thread )
  0x00007fb8880c1800 JavaThread "Service Thread" daemon [_thread_blocked, id=12972, stack(0x00007fb8741f7000,0x00007fb8742f8000)]
  0x00007fb8880be000 JavaThread "C1 CompilerThread2" daemon [_thread_blocked, id=12971, stack(0x00007fb8742f9000,0x00007fb8743f9000)]
  0x00007fb8880bc800 JavaThread "C2 CompilerThread1" daemon [_thread_blocked, id=12970, stack(0x00007fb8743fa000,0x00007fb8744fa000)]
  0x00007fb8880b9800 JavaThread "C2 CompilerThread0" daemon [_thread_blocked, id=12969, stack(0x00007fb8744fb000,0x00007fb8745fb000)]
  0x00007fb8880b8000 JavaThread "Signal Dispatcher" daemon [_thread_blocked, id=12968, stack(0x00007fb8745fb000,0x00007fb8746fc000)]
  0x00007fb888085800 JavaThread "Finalizer" daemon [_thread_blocked, id=12966, stack(0x00007fb8750cb000,0x00007fb8751cc000)]
  0x00007fb888081000 JavaThread "Reference Handler" daemon [_thread_blocked, id=12965, stack(0x00007fb8751cc000,0x00007fb8752cd000)]
  0x00007fb88800b800 JavaThread "main" [_thread_blocked, id=12958, stack(0x00007fb892059000,0x00007fb892159000)]

Other Threads:
=>0x00007fb888079000 VMThread [stack: 0x00007fb8752ce000,0x00007fb8753ce000] [id=12964]
  0x00007fb8880c4000 WatcherThread [stack: 0x00007fb8740f7000,0x00007fb8741f7000] [id=12973]

VM state:at safepoint (normal execution)

VM Mutex/Monitor currently owned by a thread:  ([mutex/lock_event])
[0x00007fb888008290] Threads_lock - owner thread: 0x00007fb888079000
[0x00007fb888008790] Heap_lock - owner thread: 0x00007fb88800b800

Heap:
 PSYoungGen      total 252416K, used 96K [0x00000000d9380000, 0x00000000e9080000, 0x0000000100000000)
  eden space 245760K, 0% used [0x00000000d9380000,0x00000000d9380000,0x00000000e8380000)
  from space 6656K, 1% used [0x00000000e8380000,0x00000000e8398000,0x00000000e8a00000)
  to   space 6656K, 0% used [0x00000000e8a00000,0x00000000e8a00000,0x00000000e9080000)
 ParOldGen       total 80896K, used 6478K [0x000000008ba00000, 0x0000000090900000, 0x00000000d9380000)
  object space 80896K, 8% used [0x000000008ba00000,0x000000008c053a58,0x0000000090900000)
 Metaspace       used 7803K, capacity 7872K, committed 8192K, reserved 1056768K
  class space    used 905K, capacity 919K, committed 1024K, reserved 1048576K

Card table byte_map: [0x00007fb88e256000,0x00007fb88e5fa000] byte_map_base: 0x00007fb88ddf9000

Marking Bits: (ParMarkBitMap*) 0x00007fb8912f3140
 Begin Bits: [0x00007fb8755d0000, 0x00007fb8772e8000)
 End Bits:   [0x00007fb8772e8000, 0x00007fb879000000)

Polling page: 0x00007fb892174000

CodeCache: size=245760Kb used=3609Kb max_used=3622Kb free=242150Kb
 bounds [0x00007fb879000000, 0x00007fb8793a0000, 0x00007fb888000000]
 total_blobs=1199 nmethods=887 adapters=228
 compilation: enabled

Compilation events (10 events):
Event: 3.882 Thread 0x00007fb8880bc800 nmethod 881 0x00007fb879374450 code [0x00007fb8793745e0, 0x00007fb879374eb8]
Event: 3.882 Thread 0x00007fb8880bc800  884       4       sun.security.jca.GetInstance$Instance::<init> (15 bytes)
Event: 3.882 Thread 0x00007fb8880b9800 nmethod 883 0x00007fb8793599d0 code [0x00007fb879359b20, 0x00007fb879359b98]
Event: 3.882 Thread 0x00007fb8880b9800  890       4       java.lang.StringBuilder::<init> (18 bytes)
Event: 3.883 Thread 0x00007fb8880bc800 nmethod 884 0x00007fb879342110 code [0x00007fb879342260, 0x00007fb8793422d8]
Event: 3.893 Thread 0x00007fb8880b9800 nmethod 890 0x00007fb8793837d0 code [0x00007fb879383940, 0x00007fb879383e78]
Event: 3.906 Thread 0x00007fb8880bc800  891       4       net.vikingsdev.blockmatrix.Block::calculateHash (50 bytes)
Event: 3.977 Thread 0x00007fb8880bc800 nmethod 891 0x00007fb87938fd10 code [0x00007fb87938ff20, 0x00007fb879391308]
Event: 4.110 Thread 0x00007fb8880b9800  892 %     4       net.vikingsdev.blockmatrix.Block::mineBlock @ 20 (80 bytes)
Event: 4.132 Thread 0x00007fb8880b9800 nmethod 892% 0x00007fb879382c10 code [0x00007fb879382da0, 0x00007fb879383388]

GC Heap History (10 events):
Event: 2.910 GC heap after
Heap after GC invocations=2 (full 0):
 PSYoungGen      total 66048K, used 4592K [0x00000000d9380000, 0x00000000dd880000, 0x0000000100000000)
  eden space 61440K, 0% used [0x00000000d9380000,0x00000000d9380000,0x00000000dcf80000)
  from space 4608K, 99% used [0x00000000dd400000,0x00000000dd87c170,0x00000000dd880000)
  to   space 4608K, 0% used [0x00000000dcf80000,0x00000000dcf80000,0x00000000dd400000)
 ParOldGen       total 80896K, used 1880K [0x000000008ba00000, 0x0000000090900000, 0x00000000d9380000)
  object space 80896K, 2% used [0x000000008ba00000,0x000000008bbd6048,0x0000000090900000)
 Metaspace       used 7795K, capacity 7872K, committed 8192K, reserved 1056768K
  class space    used 904K, capacity 919K, committed 1024K, reserved 1048576K
}
Event: 3.283 GC heap before
{Heap before GC invocations=3 (full 0):
 PSYoungGen      total 66048K, used 66032K [0x00000000d9380000, 0x00000000dd880000, 0x0000000100000000)
  eden space 61440K, 100% used [0x00000000d9380000,0x00000000dcf80000,0x00000000dcf80000)
  from space 4608K, 99% used [0x00000000dd400000,0x00000000dd87c170,0x00000000dd880000)
  to   space 4608K, 0% used [0x00000000dcf80000,0x00000000dcf80000,0x00000000dd400000)
 ParOldGen       total 80896K, used 1880K [0x000000008ba00000, 0x0000000090900000, 0x00000000d9380000)
  object space 80896K, 2% used [0x000000008ba00000,0x000000008bbd6048,0x0000000090900000)
 Metaspace       used 7799K, capacity 7872K, committed 8192K, reserved 1056768K
  class space    used 904K, capacity 919K, committed 1024K, reserved 1048576K
Event: 3.315 GC heap after
Heap after GC invocations=3 (full 0):
 PSYoungGen      total 66048K, used 4600K [0x00000000d9380000, 0x00000000e1480000, 0x0000000100000000)
  eden space 61440K, 0% used [0x00000000d9380000,0x00000000d9380000,0x00000000dcf80000)
  from space 4608K, 99% used [0x00000000dcf80000,0x00000000dd3fe170,0x00000000dd400000)
  to   space 4608K, 0% used [0x00000000e1000000,0x00000000e1000000,0x00000000e1480000)
 ParOldGen       total 80896K, used 1880K [0x000000008ba00000, 0x0000000090900000, 0x00000000d9380000)
  object space 80896K, 2% used [0x000000008ba00000,0x000000008bbd6048,0x0000000090900000)
 Metaspace       used 7799K, capacity 7872K, committed 8192K, reserved 1056768K
  class space    used 904K, capacity 919K, committed 1024K, reserved 1048576K
}
Event: 3.600 GC heap before
{Heap before GC invocations=4 (full 0):
 PSYoungGen      total 66048K, used 66040K [0x00000000d9380000, 0x00000000e1480000, 0x0000000100000000)
  eden space 61440K, 100% used [0x00000000d9380000,0x00000000dcf80000,0x00000000dcf80000)
  from space 4608K, 99% used [0x00000000dcf80000,0x00000000dd3fe170,0x00000000dd400000)
  to   space 4608K, 0% used [0x00000000e1000000,0x00000000e1000000,0x00000000e1480000)
 ParOldGen       total 80896K, used 1880K [0x000000008ba00000, 0x0000000090900000, 0x00000000d9380000)
  object space 80896K, 2% used [0x000000008ba00000,0x000000008bbd6048,0x0000000090900000)
 Metaspace       used 7800K, capacity 7872K, committed 8192K, reserved 1056768K
  class space    used 905K, capacity 919K, committed 1024K, reserved 1048576K
Event: 3.622 GC heap after
Heap after GC invocations=4 (full 0):
 PSYoungGen      total 127488K, used 4584K [0x00000000d9380000, 0x00000000e1480000, 0x0000000100000000)
  eden space 122880K, 0% used [0x00000000d9380000,0x00000000d9380000,0x00000000e0b80000)
  from space 4608K, 99% used [0x00000000e1000000,0x00000000e147a180,0x00000000e1480000)
  to   space 4608K, 0% used [0x00000000e0b80000,0x00000000e0b80000,0x00000000e1000000)
 ParOldGen       total 80896K, used 1888K [0x000000008ba00000, 0x0000000090900000, 0x00000000d9380000)
  object space 80896K, 2% used [0x000000008ba00000,0x000000008bbd8048,0x0000000090900000)
 Metaspace       used 7800K, capacity 7872K, committed 8192K, reserved 1056768K
  class space    used 905K, capacity 919K, committed 1024K, reserved 1048576K
}
Event: 4.017 GC heap before
{Heap before GC invocations=5 (full 0):
 PSYoungGen      total 127488K, used 127464K [0x00000000d9380000, 0x00000000e1480000, 0x0000000100000000)
  eden space 122880K, 100% used [0x00000000d9380000,0x00000000e0b80000,0x00000000e0b80000)
  from space 4608K, 99% used [0x00000000e1000000,0x00000000e147a180,0x00000000e1480000)
  to   space 4608K, 0% used [0x00000000e0b80000,0x00000000e0b80000,0x00000000e1000000)
 ParOldGen       total 80896K, used 1888K [0x000000008ba00000, 0x0000000090900000, 0x00000000d9380000)
  object space 80896K, 2% used [0x000000008ba00000,0x000000008bbd8048,0x0000000090900000)
 Metaspace       used 7803K, capacity 7872K, committed 8192K, reserved 1056768K
  class space    used 905K, capacity 919K, committed 1024K, reserved 1048576K
Event: 4.041 GC heap after
Heap after GC invocations=5 (full 0):
 PSYoungGen      total 127488K, used 4592K [0x00000000d9380000, 0x00000000e9080000, 0x0000000100000000)
  eden space 122880K, 0% used [0x00000000d9380000,0x00000000d9380000,0x00000000e0b80000)
  from space 4608K, 99% used [0x00000000e0b80000,0x00000000e0ffc170,0x00000000e1000000)
  to   space 6656K, 0% used [0x00000000e8a00000,0x00000000e8a00000,0x00000000e9080000)
 ParOldGen       total 80896K, used 1920K [0x000000008ba00000, 0x0000000090900000, 0x00000000d9380000)
  object space 80896K, 2% used [0x000000008ba00000,0x000000008bbe0048,0x0000000090900000)
 Metaspace       used 7803K, capacity 7872K, committed 8192K, reserved 1056768K
  class space    used 905K, capacity 919K, committed 1024K, reserved 1048576K
}
Event: 4.244 GC heap before
{Heap before GC invocations=6 (full 0):
 PSYoungGen      total 127488K, used 127472K [0x00000000d9380000, 0x00000000e9080000, 0x0000000100000000)
  eden space 122880K, 100% used [0x00000000d9380000,0x00000000e0b80000,0x00000000e0b80000)
  from space 4608K, 99% used [0x00000000e0b80000,0x00000000e0ffc170,0x00000000e1000000)
  to   space 6656K, 0% used [0x00000000e8a00000,0x00000000e8a00000,0x00000000e9080000)
 ParOldGen       total 80896K, used 1920K [0x000000008ba00000, 0x0000000090900000, 0x00000000d9380000)
  object space 80896K, 2% used [0x000000008ba00000,0x000000008bbe0048,0x0000000090900000)
 Metaspace       used 7803K, capacity 7872K, committed 8192K, reserved 1056768K
  class space    used 905K, capacity 919K, committed 1024K, reserved 1048576K
Event: 4.282 GC heap after
Heap after GC invocations=6 (full 0):
 PSYoungGen      total 252416K, used 4608K [0x00000000d9380000, 0x00000000e9080000, 0x0000000100000000)
  eden space 245760K, 0% used [0x00000000d9380000,0x00000000d9380000,0x00000000e8380000)
  from space 6656K, 69% used [0x00000000e8a00000,0x00000000e8e80160,0x00000000e9080000)
  to   space 6656K, 0% used [0x00000000e8380000,0x00000000e8380000,0x00000000e8a00000)
 ParOldGen       total 80896K, used 1928K [0x000000008ba00000, 0x0000000090900000, 0x00000000d9380000)
  object space 80896K, 2% used [0x000000008ba00000,0x000000008bbe2048,0x0000000090900000)
 Metaspace       used 7803K, capacity 7872K, committed 8192K, reserved 1056768K
  class space    used 905K, capacity 919K, committed 1024K, reserved 1048576K
}
Event: 4.960 GC heap before
{Heap before GC invocations=7 (full 0):
 PSYoungGen      total 252416K, used 250368K [0x00000000d9380000, 0x00000000e9080000, 0x0000000100000000)
  eden space 245760K, 100% used [0x00000000d9380000,0x00000000e8380000,0x00000000e8380000)
  from space 6656K, 69% used [0x00000000e8a00000,0x00000000e8e80160,0x00000000e9080000)
  to   space 6656K, 0% used [0x00000000e8380000,0x00000000e8380000,0x00000000e8a00000)
 ParOldGen       total 80896K, used 1928K [0x000000008ba00000, 0x0000000090900000, 0x00000000d9380000)
  object space 80896K, 2% used [0x000000008ba00000,0x000000008bbe2048,0x0000000090900000)
 Metaspace       used 7803K, capacity 7872K, committed 8192K, reserved 1056768K
  class space    used 905K, capacity 919K, committed 1024K, reserved 1048576K

Deoptimization events (10 events):
Event: 2.112 Thread 0x00007fb88800b800 Uncommon trap: reason=bimorphic action=maybe_recompile pc=0x00007fb8791cc314 method=java.util.Hashtable.put(Ljava/lang/Object;Ljava/lang/Object;)Ljava/lang/Object; @ 18
Event: 2.112 Thread 0x00007fb88800b800 Uncommon trap: reason=bimorphic action=maybe_recompile pc=0x00007fb8791cc314 method=java.util.Hashtable.put(Ljava/lang/Object;Ljava/lang/Object;)Ljava/lang/Object; @ 18
Event: 2.112 Thread 0x00007fb88800b800 Uncommon trap: reason=bimorphic action=maybe_recompile pc=0x00007fb8791cc314 method=java.util.Hashtable.put(Ljava/lang/Object;Ljava/lang/Object;)Ljava/lang/Object; @ 18
Event: 2.258 Thread 0x00007fb88800b800 Uncommon trap: reason=bimorphic action=maybe_recompile pc=0x00007fb8792b94bc method=java.util.Hashtable.addEntry(ILjava/lang/Object;Ljava/lang/Object;I)V @ 38
Event: 2.258 Thread 0x00007fb88800b800 Uncommon trap: reason=bimorphic action=maybe_recompile pc=0x00007fb8792b94bc method=java.util.Hashtable.addEntry(ILjava/lang/Object;Ljava/lang/Object;I)V @ 38
Event: 2.259 Thread 0x00007fb88800b800 Uncommon trap: reason=bimorphic action=maybe_recompile pc=0x00007fb8792b94bc method=java.util.Hashtable.addEntry(ILjava/lang/Object;Ljava/lang/Object;I)V @ 38
Event: 2.259 Thread 0x00007fb88800b800 Uncommon trap: reason=bimorphic action=maybe_recompile pc=0x00007fb8792b94bc method=java.util.Hashtable.addEntry(ILjava/lang/Object;Ljava/lang/Object;I)V @ 38
Event: 2.622 Thread 0x00007fb88800b800 Uncommon trap: reason=unstable_if action=reinterpret pc=0x00007fb879293fac method=java.lang.String.toLowerCase(Ljava/util/Locale;)Ljava/lang/String; @ 85
Event: 3.852 Thread 0x00007fb88800b800 Uncommon trap: reason=unstable_if action=reinterpret pc=0x00007fb87937af50 method=java.lang.Integer.getChars(II[C)V @ 20
Event: 3.852 Thread 0x00007fb88800b800 Uncommon trap: reason=unstable_if action=reinterpret pc=0x00007fb879358d04 method=java.lang.Integer.getChars(II[C)V @ 20

Classes redefined (0 events):
No events

Internal exceptions (5 events):
Event: 0.174 Thread 0x00007fb88800b800 Exception <a 'java/lang/NoSuchMethodError': Method sun.misc.Unsafe.defineClass(Ljava/lang/String;[BII)Ljava/lang/Class; name or signature does not match> (0x00000000d9387cb0) thrown at [/build/openjdk-8-TuolsG/openjdk-8-8u171-b11/src/hotspot/src/share/vm/
Event: 0.175 Thread 0x00007fb88800b800 Exception <a 'java/lang/NoSuchMethodError': Method sun.misc.Unsafe.prefetchRead(Ljava/lang/Object;J)V name or signature does not match> (0x00000000d9387f98) thrown at [/build/openjdk-8-TuolsG/openjdk-8-8u171-b11/src/hotspot/src/share/vm/prims/jni.cpp, lin
Event: 0.464 Thread 0x00007fb88800b800 Exception <a 'java/util/zip/ZipException'> (0x00000000d93e11e8) thrown at [/build/openjdk-8-TuolsG/openjdk-8-8u171-b11/src/hotspot/src/share/vm/prims/jni.cpp, line 709]
Event: 0.465 Thread 0x00007fb88800b800 Exception <a 'java/security/PrivilegedActionException'> (0x00000000d93e1488) thrown at [/build/openjdk-8-TuolsG/openjdk-8-8u171-b11/src/hotspot/src/share/vm/prims/jvm.cpp, line 1435]
Event: 0.465 Thread 0x00007fb88800b800 Exception <a 'java/security/PrivilegedActionException'> (0x00000000d93e1698) thrown at [/build/openjdk-8-TuolsG/openjdk-8-8u171-b11/src/hotspot/src/share/vm/prims/jvm.cpp, line 1435]

Events (10 events):
Event: 3.875 Thread 0x00007fb88800b800 DEOPT UNPACKING pc=0x00007fb8790470c4 sp=0x00007fb892157428 mode 0
Event: 4.017 Executing VM operation: ParallelGCFailedAllocation
Event: 4.041 Executing VM operation: ParallelGCFailedAllocation done
Event: 4.142 Thread 0x00007fb88800b800 DEOPT PACKING pc=0x00007fb87936f8ef sp=0x00007fb892157820
Event: 4.142 Thread 0x00007fb88800b800 DEOPT UNPACKING pc=0x00007fb8790470c4 sp=0x00007fb892157640 mode 0
Event: 4.244 Executing VM operation: ParallelGCFailedAllocation
Event: 4.282 Executing VM operation: ParallelGCFailedAllocation done
Event: 4.424 Executing VM operation: EnableBiasedLocking
Event: 4.425 Executing VM operation: EnableBiasedLocking done
Event: 4.960 Executing VM operation: ParallelGCFailedAllocation


Dynamic libraries:
8ba00000-90900000 rw-p 00000000 00:00 0 
90900000-d9380000 ---p 00000000 00:00 0 
d9380000-e9080000 rw-p 00000000 00:00 0 
f8180000-100000000 ---p 00000000 00:00 0 
100000000-100100000 rw-p 00000000 00:00 0 
100100000-140000000 ---p 00000000 00:00 0 
55cf112ee000-55cf112ef000 r-xp 00000000 08:03 1317724                    /usr/lib/jvm/java-8-openjdk-amd64/jre/bin/java
55cf114ee000-55cf114ef000 r--p 00000000 08:03 1317724                    /usr/lib/jvm/java-8-openjdk-amd64/jre/bin/java
55cf114ef000-55cf114f0000 rw-p 00001000 08:03 1317724                    /usr/lib/jvm/java-8-openjdk-amd64/jre/bin/java
55cf11952000-55cf11973000 rw-p 00000000 00:00 0                          [heap]
7fb838000000-7fb838021000 rw-p 00000000 00:00 0 
7fb838021000-7fb83c000000 ---p 00000000 00:00 0 
7fb840000000-7fb8402ce000 rw-p 00000000 00:00 0 
7fb8402ce000-7fb844000000 ---p 00000000 00:00 0 
7fb844000000-7fb844021000 rw-p 00000000 00:00 0 
7fb844021000-7fb848000000 ---p 00000000 00:00 0 
7fb848000000-7fb848733000 rw-p 00000000 00:00 0 
7fb848733000-7fb84c000000 ---p 00000000 00:00 0 
7fb84c000000-7fb84c872000 rw-p 00000000 00:00 0 
7fb84c872000-7fb850000000 ---p 00000000 00:00 0 
7fb850000000-7fb850021000 rw-p 00000000 00:00 0 
7fb850021000-7fb854000000 ---p 00000000 00:00 0 
7fb854000000-7fb854021000 rw-p 00000000 00:00 0 
7fb854021000-7fb858000000 ---p 00000000 00:00 0 
7fb858000000-7fb858021000 rw-p 00000000 00:00 0 
7fb858021000-7fb85c000000 ---p 00000000 00:00 0 
7fb85c000000-7fb85c021000 rw-p 00000000 00:00 0 
7fb85c021000-7fb860000000 ---p 00000000 00:00 0 
7fb860000000-7fb860021000 rw-p 00000000 00:00 0 
7fb860021000-7fb864000000 ---p 00000000 00:00 0 
7fb864000000-7fb864021000 rw-p 00000000 00:00 0 
7fb864021000-7fb868000000 ---p 00000000 00:00 0 
7fb868000000-7fb868021000 rw-p 00000000 00:00 0 
7fb868021000-7fb86c000000 ---p 00000000 00:00 0 
7fb86f9a9000-7fb86f9d1000 r-xp 00000000 08:03 1330462                    /usr/lib/jvm/java-8-openjdk-amd64/jre/lib/amd64/libsunec.so
7fb86f9d1000-7fb86fbd0000 ---p 00028000 08:03 1330462                    /usr/lib/jvm/java-8-openjdk-amd64/jre/lib/amd64/libsunec.so
7fb86fbd0000-7fb86fbd4000 r--p 00027000 08:03 1330462                    /usr/lib/jvm/java-8-openjdk-amd64/jre/lib/amd64/libsunec.so
7fb86fbd4000-7fb86fbd5000 rw-p 0002b000 08:03 1330462                    /usr/lib/jvm/java-8-openjdk-amd64/jre/lib/amd64/libsunec.so
7fb86fbd5000-7fb86fbeb000 r-xp 00000000 08:03 1330457                    /usr/lib/jvm/java-8-openjdk-amd64/jre/lib/amd64/libnet.so
7fb86fbeb000-7fb86fdeb000 ---p 00016000 08:03 1330457                    /usr/lib/jvm/java-8-openjdk-amd64/jre/lib/amd64/libnet.so
7fb86fdeb000-7fb86fdec000 r--p 00016000 08:03 1330457                    /usr/lib/jvm/java-8-openjdk-amd64/jre/lib/amd64/libnet.so
7fb86fdec000-7fb86fded000 rw-p 00017000 08:03 1330457                    /usr/lib/jvm/java-8-openjdk-amd64/jre/lib/amd64/libnet.so
7fb86fded000-7fb86fdfe000 r-xp 00000000 08:03 1330458                    /usr/lib/jvm/java-8-openjdk-amd64/jre/lib/amd64/libnio.so
7fb86fdfe000-7fb86fffe000 ---p 00011000 08:03 1330458                    /usr/lib/jvm/java-8-openjdk-amd64/jre/lib/amd64/libnio.so
7fb86fffe000-7fb86ffff000 r--p 00011000 08:03 1330458                    /usr/lib/jvm/java-8-openjdk-amd64/jre/lib/amd64/libnio.so
7fb86ffff000-7fb870000000 rw-p 00012000 08:03 1330458                    /usr/lib/jvm/java-8-openjdk-amd64/jre/lib/amd64/libnio.so
7fb870000000-7fb870021000 rw-p 00000000 00:00 0 
7fb870021000-7fb874000000 ---p 00000000 00:00 0 
7fb87405e000-7fb874063000 r--s 0009d000 08:03 1330502                    /usr/lib/jvm/java-8-openjdk-amd64/jre/lib/jsse.jar
7fb874063000-7fb8740bb000 r--s 003a7000 08:03 1583679                    /home/frank/Apps/eclipse/lib/bcprov-jdk15on-160.jar
7fb8740bb000-7fb8740c3000 r--s 00045000 08:03 924101                     /home/frank/.p2/pool/plugins/org.junit_4.12.0.v201504281640/junit.jar
7fb8740c3000-7fb8740c8000 r--s 002f9000 08:03 1330469                    /usr/lib/jvm/java-8-openjdk-amd64/jre/lib/charsets.jar
7fb8740c8000-7fb8740db000 r--s 00346000 08:03 1330507                    /usr/lib/jvm/java-8-openjdk-amd64/jre/lib/resources.jar
7fb8740db000-7fb8740f6000 r--s 001d6000 08:03 1330484                    /usr/lib/jvm/java-8-openjdk-amd64/jre/lib/ext/nashorn.jar
7fb8740f6000-7fb8740f7000 ---p 00000000 00:00 0 
7fb8740f7000-7fb8741f7000 rw-p 00000000 00:00 0 
7fb8741f7000-7fb8741fa000 ---p 00000000 00:00 0 
7fb8741fa000-7fb8742f8000 rw-p 00000000 00:00 0 
7fb8742f8000-7fb8742f9000 ---p 00000000 00:00 0 
7fb8742f9000-7fb8742fc000 ---p 00000000 00:00 0 
7fb8742fc000-7fb8743f9000 rw-p 00000000 00:00 0 
7fb8743f9000-7fb8743fa000 ---p 00000000 00:00 0 
7fb8743fa000-7fb8743fd000 ---p 00000000 00:00 0 
7fb8743fd000-7fb8744fa000 rw-p 00000000 00:00 0 
7fb8744fa000-7fb8744fb000 ---p 00000000 00:00 0 
7fb8744fb000-7fb8744fe000 ---p 00000000 00:00 0 
7fb8744fe000-7fb8745fb000 rw-p 00000000 00:00 0 
7fb8745fb000-7fb8745fe000 ---p 00000000 00:00 0 
7fb8745fe000-7fb8746fc000 rw-p 00000000 00:00 0 
7fb8746fc000-7fb8750cb000 r--p 00000000 08:03 1314128                    /usr/lib/locale/locale-archive
7fb8750cb000-7fb8750ce000 ---p 00000000 00:00 0 
7fb8750ce000-7fb8751cc000 rw-p 00000000 00:00 0 
7fb8751cc000-7fb8751cf000 ---p 00000000 00:00 0 
7fb8751cf000-7fb8752cd000 rw-p 00000000 00:00 0 
7fb8752cd000-7fb8752ce000 ---p 00000000 00:00 0 
7fb8752ce000-7fb879000000 rw-p 00000000 00:00 0 
7fb879000000-7fb8793a0000 rwxp 00000000 00:00 0 
7fb8793a0000-7fb888000000 ---p 00000000 00:00 0 
7fb888000000-7fb888406000 rw-p 00000000 00:00 0 
7fb888406000-7fb88c000000 ---p 00000000 00:00 0 
7fb88c003000-7fb88c01e000 r--s 00394000 08:03 1330479                    /usr/lib/jvm/java-8-openjdk-amd64/jre/lib/ext/cldrdata.jar
7fb88c01e000-7fb88cdfd000 rw-p 00000000 00:00 0 
7fb88cdfd000-7fb88cfcc000 r--s 03c2f000 08:03 1330508                    /usr/lib/jvm/java-8-openjdk-amd64/jre/lib/rt.jar
7fb88cfcc000-7fb88d742000 rw-p 00000000 00:00 0 
7fb88d742000-7fb88d842000 ---p 00000000 00:00 0 
7fb88d842000-7fb88dbe5000 rw-p 00000000 00:00 0 
7fb88dbe5000-7fb88dbe6000 ---p 00000000 00:00 0 
7fb88dbe6000-7fb88dce6000 rw-p 00000000 00:00 0 
7fb88dce6000-7fb88dce7000 ---p 00000000 00:00 0 
7fb88dce7000-7fb88dde7000 rw-p 00000000 00:00 0 
7fb88dde7000-7fb88dde8000 ---p 00000000 00:00 0 
7fb88dde8000-7fb88dee8000 rw-p 00000000 00:00 0 
7fb88dee8000-7fb88dee9000 ---p 00000000 00:00 0 
7fb88dee9000-7fb88e011000 rw-p 00000000 00:00 0 
7fb88e011000-7fb88e256000 ---p 00000000 00:00 0 
7fb88e256000-7fb88e27e000 rw-p 00000000 00:00 0 
7fb88e27e000-7fb88e4c2000 ---p 00000000 00:00 0 
7fb88e4c2000-7fb88e542000 rw-p 00000000 00:00 0 
7fb88e542000-7fb88e5f9000 ---p 00000000 00:00 0 
7fb88e5f9000-7fb88e609000 rw-p 00000000 00:00 0 
7fb88e609000-7fb88e9ba000 ---p 00000000 00:00 0 
7fb88e9ba000-7fb88e9c2000 r-xp 00000000 08:03 1330465                    /usr/lib/jvm/java-8-openjdk-amd64/jre/lib/amd64/libzip.so
7fb88e9c2000-7fb88ebc1000 ---p 00008000 08:03 1330465                    /usr/lib/jvm/java-8-openjdk-amd64/jre/lib/amd64/libzip.so
7fb88ebc1000-7fb88ebc2000 r--p 00007000 08:03 1330465                    /usr/lib/jvm/java-8-openjdk-amd64/jre/lib/amd64/libzip.so
7fb88ebc2000-7fb88ebc3000 rw-p 00008000 08:03 1330465                    /usr/lib/jvm/java-8-openjdk-amd64/jre/lib/amd64/libzip.so
7fb88ebc3000-7fb88ebce000 r-xp 00000000 08:03 1052358                    /lib/x86_64-linux-gnu/libnss_files-2.27.so
7fb88ebce000-7fb88edcd000 ---p 0000b000 08:03 1052358                    /lib/x86_64-linux-gnu/libnss_files-2.27.so
7fb88edcd000-7fb88edce000 r--p 0000a000 08:03 1052358                    /lib/x86_64-linux-gnu/libnss_files-2.27.so
7fb88edce000-7fb88edcf000 rw-p 0000b000 08:03 1052358                    /lib/x86_64-linux-gnu/libnss_files-2.27.so
7fb88edcf000-7fb88edd5000 rw-p 00000000 00:00 0 
7fb88edd5000-7fb88edec000 r-xp 00000000 08:03 1052352                    /lib/x86_64-linux-gnu/libnsl-2.27.so
7fb88edec000-7fb88efeb000 ---p 00017000 08:03 1052352                    /lib/x86_64-linux-gnu/libnsl-2.27.so
7fb88efeb000-7fb88efec000 r--p 00016000 08:03 1052352                    /lib/x86_64-linux-gnu/libnsl-2.27.so
7fb88efec000-7fb88efed000 rw-p 00017000 08:03 1052352                    /lib/x86_64-linux-gnu/libnsl-2.27.so
7fb88efed000-7fb88efef000 rw-p 00000000 00:00 0 
7fb88efef000-7fb88effa000 r-xp 00000000 08:03 1052369                    /lib/x86_64-linux-gnu/libnss_nis-2.27.so
7fb88effa000-7fb88f1f9000 ---p 0000b000 08:03 1052369                    /lib/x86_64-linux-gnu/libnss_nis-2.27.so
7fb88f1f9000-7fb88f1fa000 r--p 0000a000 08:03 1052369                    /lib/x86_64-linux-gnu/libnss_nis-2.27.so
7fb88f1fa000-7fb88f1fb000 rw-p 0000b000 08:03 1052369                    /lib/x86_64-linux-gnu/libnss_nis-2.27.so
7fb88f1fb000-7fb88f203000 r-xp 00000000 08:03 1052354                    /lib/x86_64-linux-gnu/libnss_compat-2.27.so
7fb88f203000-7fb88f403000 ---p 00008000 08:03 1052354                    /lib/x86_64-linux-gnu/libnss_compat-2.27.so
7fb88f403000-7fb88f404000 r--p 00008000 08:03 1052354                    /lib/x86_64-linux-gnu/libnss_compat-2.27.so
7fb88f404000-7fb88f405000 rw-p 00009000 08:03 1052354                    /lib/x86_64-linux-gnu/libnss_compat-2.27.so
7fb88f405000-7fb88f433000 r-xp 00000000 08:03 1330446                    /usr/lib/jvm/java-8-openjdk-amd64/jre/lib/amd64/libjava.so
7fb88f433000-7fb88f632000 ---p 0002e000 08:03 1330446                    /usr/lib/jvm/java-8-openjdk-amd64/jre/lib/amd64/libjava.so
7fb88f632000-7fb88f633000 r--p 0002d000 08:03 1330446                    /usr/lib/jvm/java-8-openjdk-amd64/jre/lib/amd64/libjava.so
7fb88f633000-7fb88f635000 rw-p 0002e000 08:03 1330446                    /usr/lib/jvm/java-8-openjdk-amd64/jre/lib/amd64/libjava.so
7fb88f635000-7fb88f645000 r-xp 00000000 08:03 1330464                    /usr/lib/jvm/java-8-openjdk-amd64/jre/lib/amd64/libverify.so
7fb88f645000-7fb88f844000 ---p 00010000 08:03 1330464                    /usr/lib/jvm/java-8-openjdk-amd64/jre/lib/amd64/libverify.so
7fb88f844000-7fb88f846000 r--p 0000f000 08:03 1330464                    /usr/lib/jvm/java-8-openjdk-amd64/jre/lib/amd64/libverify.so
7fb88f846000-7fb88f847000 rw-p 00011000 08:03 1330464                    /usr/lib/jvm/java-8-openjdk-amd64/jre/lib/amd64/libverify.so
7fb88f847000-7fb88f84e000 r-xp 00000000 08:03 1052409                    /lib/x86_64-linux-gnu/librt-2.27.so
7fb88f84e000-7fb88fa4d000 ---p 00007000 08:03 1052409                    /lib/x86_64-linux-gnu/librt-2.27.so
7fb88fa4d000-7fb88fa4e000 r--p 00006000 08:03 1052409                    /lib/x86_64-linux-gnu/librt-2.27.so
7fb88fa4e000-7fb88fa4f000 rw-p 00007000 08:03 1052409                    /lib/x86_64-linux-gnu/librt-2.27.so
7fb88fa4f000-7fb88fa66000 r-xp 00000000 08:03 1052305                    /lib/x86_64-linux-gnu/libgcc_s.so.1
7fb88fa66000-7fb88fc65000 ---p 00017000 08:03 1052305                    /lib/x86_64-linux-gnu/libgcc_s.so.1
7fb88fc65000-7fb88fc66000 r--p 00016000 08:03 1052305                    /lib/x86_64-linux-gnu/libgcc_s.so.1
7fb88fc66000-7fb88fc67000 rw-p 00017000 08:03 1052305                    /lib/x86_64-linux-gnu/libgcc_s.so.1
7fb88fc67000-7fb88fe04000 r-xp 00000000 08:03 1052331                    /lib/x86_64-linux-gnu/libm-2.27.so
7fb88fe04000-7fb890003000 ---p 0019d000 08:03 1052331                    /lib/x86_64-linux-gnu/libm-2.27.so
7fb890003000-7fb890004000 r--p 0019c000 08:03 1052331                    /lib/x86_64-linux-gnu/libm-2.27.so
7fb890004000-7fb890005000 rw-p 0019d000 08:03 1052331                    /lib/x86_64-linux-gnu/libm-2.27.so
7fb890005000-7fb890183000 r-xp 00000000 08:03 1316685                    /usr/lib/x86_64-linux-gnu/libstdc++.so.6.0.25
7fb890183000-7fb890383000 ---p 0017e000 08:03 1316685                    /usr/lib/x86_64-linux-gnu/libstdc++.so.6.0.25
7fb890383000-7fb89038d000 r--p 0017e000 08:03 1316685                    /usr/lib/x86_64-linux-gnu/libstdc++.so.6.0.25
7fb89038d000-7fb89038f000 rw-p 00188000 08:03 1316685                    /usr/lib/x86_64-linux-gnu/libstdc++.so.6.0.25
7fb89038f000-7fb890393000 rw-p 00000000 00:00 0 
7fb890393000-7fb891024000 r-xp 00000000 08:03 1330468                    /usr/lib/jvm/java-8-openjdk-amd64/jre/lib/amd64/server/libjvm.so
7fb891024000-7fb891224000 ---p 00c91000 08:03 1330468                    /usr/lib/jvm/java-8-openjdk-amd64/jre/lib/amd64/server/libjvm.so
7fb891224000-7fb8912b7000 r--p 00c91000 08:03 1330468                    /usr/lib/jvm/java-8-openjdk-amd64/jre/lib/amd64/server/libjvm.so
7fb8912b7000-7fb8912df000 rw-p 00d24000 08:03 1330468                    /usr/lib/jvm/java-8-openjdk-amd64/jre/lib/amd64/server/libjvm.so
7fb8912df000-7fb891310000 rw-p 00000000 00:00 0 
7fb891310000-7fb89132a000 r-xp 00000000 08:03 1052401                    /lib/x86_64-linux-gnu/libpthread-2.27.so
7fb89132a000-7fb891529000 ---p 0001a000 08:03 1052401                    /lib/x86_64-linux-gnu/libpthread-2.27.so
7fb891529000-7fb89152a000 r--p 00019000 08:03 1052401                    /lib/x86_64-linux-gnu/libpthread-2.27.so
7fb89152a000-7fb89152b000 rw-p 0001a000 08:03 1052401                    /lib/x86_64-linux-gnu/libpthread-2.27.so
7fb89152b000-7fb89152f000 rw-p 00000000 00:00 0 
7fb89152f000-7fb891532000 r-xp 00000000 08:03 1052291                    /lib/x86_64-linux-gnu/libdl-2.27.so
7fb891532000-7fb891731000 ---p 00003000 08:03 1052291                    /lib/x86_64-linux-gnu/libdl-2.27.so
7fb891731000-7fb891732000 r--p 00002000 08:03 1052291                    /lib/x86_64-linux-gnu/libdl-2.27.so
7fb891732000-7fb891733000 rw-p 00003000 08:03 1052291                    /lib/x86_64-linux-gnu/libdl-2.27.so
7fb891733000-7fb89174f000 r-xp 00000000 08:03 1052440                    /lib/x86_64-linux-gnu/libz.so.1.2.11
7fb89174f000-7fb89194e000 ---p 0001c000 08:03 1052440                    /lib/x86_64-linux-gnu/libz.so.1.2.11
7fb89194e000-7fb89194f000 r--p 0001b000 08:03 1052440                    /lib/x86_64-linux-gnu/libz.so.1.2.11
7fb89194f000-7fb891950000 rw-p 0001c000 08:03 1052440                    /lib/x86_64-linux-gnu/libz.so.1.2.11
7fb891950000-7fb891b37000 r-xp 00000000 08:03 1052268                    /lib/x86_64-linux-gnu/libc-2.27.so
7fb891b37000-7fb891d37000 ---p 001e7000 08:03 1052268                    /lib/x86_64-linux-gnu/libc-2.27.so
7fb891d37000-7fb891d3b000 r--p 001e7000 08:03 1052268                    /lib/x86_64-linux-gnu/libc-2.27.so
7fb891d3b000-7fb891d3d000 rw-p 001eb000 08:03 1052268                    /lib/x86_64-linux-gnu/libc-2.27.so
7fb891d3d000-7fb891d41000 rw-p 00000000 00:00 0 
7fb891d41000-7fb891d4f000 r-xp 00000000 08:03 1330432                    /usr/lib/jvm/java-8-openjdk-amd64/jre/lib/amd64/jli/libjli.so
7fb891d4f000-7fb891f4e000 ---p 0000e000 08:03 1330432                    /usr/lib/jvm/java-8-openjdk-amd64/jre/lib/amd64/jli/libjli.so
7fb891f4e000-7fb891f4f000 r--p 0000d000 08:03 1330432                    /usr/lib/jvm/java-8-openjdk-amd64/jre/lib/amd64/jli/libjli.so
7fb891f4f000-7fb891f50000 rw-p 0000e000 08:03 1330432                    /usr/lib/jvm/java-8-openjdk-amd64/jre/lib/amd64/jli/libjli.so
7fb891f50000-7fb891f77000 r-xp 00000000 08:03 1052240                    /lib/x86_64-linux-gnu/ld-2.27.so
7fb891f78000-7fb891f7a000 r--s 00016000 08:03 1330500                    /usr/lib/jvm/java-8-openjdk-amd64/jre/lib/jce.jar
7fb891f7a000-7fb891f7c000 r--s 00016000 08:03 1330500                    /usr/lib/jvm/java-8-openjdk-amd64/jre/lib/jce.jar
7fb891f7c000-7fb891f81000 r--s 0009d000 08:03 1330502                    /usr/lib/jvm/java-8-openjdk-amd64/jre/lib/jsse.jar
7fb891f81000-7fb891f84000 r--s 0000f000 08:03 1330481                    /usr/lib/jvm/java-8-openjdk-amd64/jre/lib/ext/icedtea-sound.jar
7fb891f84000-7fb891f85000 r--s 00010000 08:03 1330488                    /usr/lib/jvm/java-8-openjdk-amd64/jre/lib/ext/zipfs.jar
7fb891f85000-7fb891f87000 r--s 00001000 08:03 1330480                    /usr/lib/jvm/java-8-openjdk-amd64/jre/lib/ext/dnsns.jar
7fb891f87000-7fb891f89000 r--s 00008000 08:03 1330485                    /usr/lib/jvm/java-8-openjdk-amd64/jre/lib/ext/sunec.jar
7fb891f89000-7fb891f8c000 r--s 00038000 08:03 1330487                    /usr/lib/jvm/java-8-openjdk-amd64/jre/lib/ext/sunpkcs11.jar
7fb891f8c000-7fb891f8d000 r--s 0000a000 08:03 1330482                    /usr/lib/jvm/java-8-openjdk-amd64/jre/lib/ext/jaccess.jar
7fb891f8d000-7fb891f8f000 r--s 00007000 08:03 1589521                    /usr/share/java/java-atk-wrapper.jar
7fb891f8f000-7fb892058000 rw-p 00000000 00:00 0 
7fb892058000-7fb892059000 ---p 00000000 00:00 0 
7fb892059000-7fb89205c000 ---p 00000000 00:00 0 
7fb89205c000-7fb89215b000 rw-p 00000000 00:00 0 
7fb89215b000-7fb892161000 r--s 0003b000 08:03 1330486                    /usr/lib/jvm/java-8-openjdk-amd64/jre/lib/ext/sunjce_provider.jar
7fb892161000-7fb89216b000 r--s 00116000 08:03 1330483                    /usr/lib/jvm/java-8-openjdk-amd64/jre/lib/ext/localedata.jar
7fb89216b000-7fb892173000 rw-s 00000000 08:03 1052663                    /tmp/hsperfdata_frank/12950
7fb892173000-7fb892174000 rw-p 00000000 00:00 0 
7fb892174000-7fb892175000 ---p 00000000 00:00 0 
7fb892175000-7fb892177000 rw-p 00000000 00:00 0 
7fb892177000-7fb892178000 r--p 00027000 08:03 1052240                    /lib/x86_64-linux-gnu/ld-2.27.so
7fb892178000-7fb892179000 rw-p 00028000 08:03 1052240                    /lib/x86_64-linux-gnu/ld-2.27.so
7fb892179000-7fb89217a000 rw-p 00000000 00:00 0 
7fffbdce2000-7fffbdd03000 rw-p 00000000 00:00 0                          [stack]
7fffbddcb000-7fffbddce000 r--p 00000000 00:00 0                          [vvar]
7fffbddce000-7fffbddd0000 r-xp 00000000 00:00 0                          [vdso]
ffffffffff600000-ffffffffff601000 r-xp 00000000 00:00 0                  [vsyscall]

VM Arguments:
jvm_args: -Dfile.encoding=UTF-8 
java_command: net.vikingsdev.blockmatrix.App
java_class_path (initial): /usr/lib/jvm/java-8-openjdk-amd64/jre/lib/resources.jar:/usr/lib/jvm/java-8-openjdk-amd64/jre/lib/rt.jar:/usr/lib/jvm/java-8-openjdk-amd64/jre/lib/jsse.jar:/usr/lib/jvm/java-8-openjdk-amd64/jre/lib/jce.jar:/usr/lib/jvm/java-8-openjdk-amd64/jre/lib/charsets.jar:/usr/lib/jvm/java-8-openjdk-amd64/jre/lib/ext/localedata.jar:/usr/lib/jvm/java-8-openjdk-amd64/jre/lib/ext/sunjce_provider.jar:/usr/lib/jvm/java-8-openjdk-amd64/jre/lib/ext/java-atk-wrapper.jar:/usr/lib/jvm/java-8-openjdk-amd64/jre/lib/ext/jaccess.jar:/usr/lib/jvm/java-8-openjdk-amd64/jre/lib/ext/sunpkcs11.jar:/usr/lib/jvm/java-8-openjdk-amd64/jre/lib/ext/sunec.jar:/usr/lib/jvm/java-8-openjdk-amd64/jre/lib/ext/cldrdata.jar:/usr/lib/jvm/java-8-openjdk-amd64/jre/lib/ext/dnsns.jar:/usr/lib/jvm/java-8-openjdk-amd64/jre/lib/ext/zipfs.jar:/usr/lib/jvm/java-8-openjdk-amd64/jre/lib/ext/nashorn.jar:/usr/lib/jvm/java-8-openjdk-amd64/jre/lib/ext/icedtea-sound.jar:/home/frank/github/BlockMatrix/BlockMatrix/target/classes:/home/frank/.p2/pool/plugins/org.junit_4.12.0.v201504281640/junit.jar:/home/frank/github/BlockMatrix/BlockMatrix/res:/home/frank/Apps/eclipse/lib/bcprov-jdk15on-160.jar:/home/frank/.m2/repository/com/google/code/gson/gson/2.6.2/gson-2.6.2.jar
Launcher Type: SUN_STANDARD

Environment Variables:
PATH=/usr/local/sbin:/usr/local/bin:/usr/sbin:/usr/bin:/sbin:/bin:/usr/games:/usr/local/games:/snap/bin
USERNAME=frank
SHELL=/bin/bash
DISPLAY=:0

Signal Handlers:
SIGSEGV: [libjvm.so+0xaabcd0], sa_mask[0]=11111111011111111101111111111110, sa_flags=SA_RESTART|SA_SIGINFO
SIGBUS: [libjvm.so+0xaabcd0], sa_mask[0]=11111111011111111101111111111110, sa_flags=SA_RESTART|SA_SIGINFO
SIGFPE: [libjvm.so+0x8e1d50], sa_mask[0]=11111111011111111101111111111110, sa_flags=SA_RESTART|SA_SIGINFO
SIGPIPE: [libjvm.so+0x8e1d50], sa_mask[0]=11111111011111111101111111111110, sa_flags=SA_RESTART|SA_SIGINFO
SIGXFSZ: [libjvm.so+0x8e1d50], sa_mask[0]=11111111011111111101111111111110, sa_flags=SA_RESTART|SA_SIGINFO
SIGILL: [libjvm.so+0x8e1d50], sa_mask[0]=11111111011111111101111111111110, sa_flags=SA_RESTART|SA_SIGINFO
SIGUSR1: SIG_DFL, sa_mask[0]=00000000000000000000000000000000, sa_flags=none
SIGUSR2: [libjvm.so+0x8e1c00], sa_mask[0]=00100000000000000000000000000000, sa_flags=SA_RESTART|SA_SIGINFO
SIGHUP: [libjvm.so+0x8e20b0], sa_mask[0]=11111111011111111101111111111110, sa_flags=SA_RESTART|SA_SIGINFO
SIGINT: [libjvm.so+0x8e20b0], sa_mask[0]=11111111011111111101111111111110, sa_flags=SA_RESTART|SA_SIGINFO
SIGTERM: [libjvm.so+0x8e20b0], sa_mask[0]=11111111011111111101111111111110, sa_flags=SA_RESTART|SA_SIGINFO
SIGQUIT: [libjvm.so+0x8e20b0], sa_mask[0]=11111111011111111101111111111110, sa_flags=SA_RESTART|SA_SIGINFO


---------------  S Y S T E M  ---------------

OS:DISTRIB_ID=Ubuntu
DISTRIB_RELEASE=18.04
DISTRIB_CODENAME=bionic
DISTRIB_DESCRIPTION="Ubuntu 18.04 LTS"

uname:Linux 4.15.0-24-generic #26-Ubuntu SMP Wed Jun 13 08:44:47 UTC 2018 x86_64
libc:glibc 2.27 NPTL 2.27 
rlimit: STACK 8192k, CORE 0k, NPROC 29559, NOFILE 4096, AS infinity
load average:3.14 2.17 1.81

/proc/meminfo:
MemTotal:        7626332 kB
MemFree:          119040 kB
MemAvailable:      35076 kB
Buffers:            2724 kB
Cached:           293340 kB
SwapCached:        10724 kB
Active:          5818544 kB
Inactive:         873448 kB
Active(anon):    5800244 kB
Inactive(anon):   848904 kB
Active(file):      18300 kB
Inactive(file):    24544 kB
Unevictable:         240 kB
Mlocked:             240 kB
SwapTotal:       1359020 kB
SwapFree:              0 kB
Dirty:               104 kB
Writeback:             0 kB
AnonPages:       6386360 kB
Mapped:           287700 kB
Shmem:            253156 kB
Slab:             179432 kB
SReclaimable:      58868 kB
SUnreclaim:       120564 kB
KernelStack:       22320 kB
PageTables:       118424 kB
NFS_Unstable:          0 kB
Bounce:                0 kB
WritebackTmp:          0 kB
CommitLimit:     5172184 kB
Committed_AS:   21151848 kB
VmallocTotal:   34359738367 kB
VmallocUsed:           0 kB
VmallocChunk:          0 kB
HardwareCorrupted:     0 kB
AnonHugePages:         0 kB
ShmemHugePages:        0 kB
ShmemPmdMapped:        0 kB
CmaTotal:              0 kB
CmaFree:               0 kB
HugePages_Total:       0
HugePages_Free:        0
HugePages_Rsvd:        0
HugePages_Surp:        0
Hugepagesize:       2048 kB
DirectMap4k:     3138048 kB
DirectMap2M:     4700160 kB
DirectMap1G:     1048576 kB


CPU:total 4 (initial active 4) (4 cores per cpu, 1 threads per core) family 18 model 1 stepping 0, cmov, cx8, fxsr, mmx, sse, sse2, sse3, popcnt, mmxext, 3dnowpref, lzcnt, sse4a, tsc, tscinvbit, tscinv

/proc/cpuinfo:
processor	: 0
vendor_id	: AuthenticAMD
cpu family	: 18
model		: 1
model name	: AMD A8-3520M APU with Radeon(tm) HD Graphics
stepping	: 0
microcode	: 0x3000027
cpu MHz		: 1316.195
cache size	: 1024 KB
physical id	: 0
siblings	: 4
core id		: 0
cpu cores	: 4
apicid		: 0
initial apicid	: 0
fpu		: yes
fpu_exception	: yes
cpuid level	: 6
wp		: yes
flags		: fpu vme de pse tsc msr pae mce cx8 apic sep mtrr pge mca cmov pat pse36 clflush mmx fxsr sse sse2 ht syscall nx mmxext fxsr_opt pdpe1gb rdtscp lm 3dnowext 3dnow constant_tsc rep_good nopl nonstop_tsc cpuid extd_apicid aperfmperf pni monitor cx16 popcnt lahf_lm cmp_legacy svm extapic cr8_legacy abm sse4a misalignsse 3dnowprefetch osvw ibs skinit wdt cpb hw_pstate vmmcall arat npt lbrv svm_lock nrip_save pausefilter
bugs		: fxsave_leak sysret_ss_attrs null_seg spectre_v1 spectre_v2
bogomips	: 3194.30
TLB size	: 1536 4K pages
clflush size	: 64
cache_alignment	: 64
address sizes	: 40 bits physical, 48 bits virtual
power management: ts ttp tm stc 100mhzsteps hwpstate cpb

processor	: 1
vendor_id	: AuthenticAMD
cpu family	: 18
model		: 1
model name	: AMD A8-3520M APU with Radeon(tm) HD Graphics
stepping	: 0
microcode	: 0x3000027
cpu MHz		: 1749.866
cache size	: 1024 KB
physical id	: 0
siblings	: 4
core id		: 1
cpu cores	: 10
apicid		: 1
initial apicid	: 1
fpu		: yes
fpu_exception	: yes
cpuid level	: 6
wp		: yes
flags		: fpu vme de pse tsc msr pae mce cx8 apic sep mtrr pge mca cmov pat pse36 clflush mmx fxsr sse sse2 ht syscall nx mmxext fxsr_opt pdpe1gb rdtscp lm 3dnowext 3dnow constant_tsc rep_good nopl nonstop_tsc cpuid extd_apicid aperfmperf pni monitor cx16 popcnt lahf_lm cmp_legacy svm extapic cr8_legacy abm sse4a misalignsse 3dnowprefetch osvw ibs skinit wdt cpb hw_pstate vmmcall arat npt lbrv svm_lock nrip_save pausefilter
bugs		: fxsave_leak sysret_ss_attrs null_seg spectre_v1 spectre_v2
bogomips	: 3194.30
TLB size	: 1536 4K pages
clflush size	: 64
cache_alignment	: 64
address sizes	: 40 bits physical, 48 bits virtual
power management: ts ttp tm stc 100mhzsteps hwpstate cpb

processor	: 2
vendor_id	: AuthenticAMD
cpu family	: 18
model		: 1
model name	: AMD A8-3520M APU with Radeon(tm) HD Graphics
stepping	: 0
microcode	: 0x3000027
cpu MHz		: 1752.892
cache size	: 1024 KB
physical id	: 0
siblings	: 4
core id		: 2
cpu cores	: 8
apicid		: 2
initial apicid	: 2
fpu		: yes
fpu_exception	: yes
cpuid level	: 6
wp		: yes
flags		: fpu vme de pse tsc msr pae mce cx8 apic sep mtrr pge mca cmov pat pse36 clflush mmx fxsr sse sse2 ht syscall nx mmxext fxsr_opt pdpe1gb rdtscp lm 3dnowext 3dnow constant_tsc rep_good nopl nonstop_tsc cpuid extd_apicid aperfmperf pni monitor cx16 popcnt lahf_lm cmp_legacy svm extapic cr8_legacy abm sse4a misalignsse 3dnowprefetch osvw ibs skinit wdt cpb hw_pstate vmmcall arat npt lbrv svm_lock nrip_save pausefilter
bugs		: fxsave_leak sysret_ss_attrs null_seg spectre_v1 spectre_v2
bogomips	: 3194.30
TLB size	: 1536 4K pages
clflush size	: 64
cache_alignment	: 64
address sizes	: 40 bits physical, 48 bits virtual
power management: ts ttp tm stc 100mhzsteps hwpstate cpb

processor	: 3
vendor_id	: AuthenticAMD
cpu family	: 18
model		: 1
model name	: AMD A8-3520M APU with Radeon(tm) HD Graphics
stepping	: 0
microcode	: 0x3000027
cpu MHz		: 1751.156
cache size	: 1024 KB
physical id	: 0
siblings	: 4
core id		: 3
cpu cores	: 6
apicid		: 3
initial apicid	: 3
fpu		: yes
fpu_exception	: yes
cpuid level	: 6
wp		: yes
flags		: fpu vme de pse tsc msr pae mce cx8 apic sep mtrr pge mca cmov pat pse36 clflush mmx fxsr sse sse2 ht syscall nx mmxext fxsr_opt pdpe1gb rdtscp lm 3dnowext 3dnow constant_tsc rep_good nopl nonstop_tsc cpuid extd_apicid aperfmperf pni monitor cx16 popcnt lahf_lm cmp_legacy svm extapic cr8_legacy abm sse4a misalignsse 3dnowprefetch osvw ibs skinit wdt cpb hw_pstate vmmcall arat npt lbrv svm_lock nrip_save pausefilter
bugs		: fxsave_leak sysret_ss_attrs null_seg spectre_v1 spectre_v2
bogomips	: 3194.30
TLB size	: 1536 4K pages
clflush size	: 64
cache_alignment	: 64
address sizes	: 40 bits physical, 48 bits virtual
power management: ts ttp tm stc 100mhzsteps hwpstate cpb



Memory: 4k page, physical 7626332k(121856k free), swap 1359020k(0k free)

vm_info: OpenJDK 64-Bit Server VM (25.171-b11) for linux-amd64 JRE (1.8.0_171-8u171-b11-0ubuntu0.18.04.1-b11), built on Apr 26 2018 15:59:34 by "buildd" with gcc 7.3.0

time: Sat Jul 14 11:16:08 2018
elapsed time: 5 seconds (0d 0h 0m 5s)

